<?xml version="1.0" encoding="UTF-8"?>
<!-- Generated by org.testng.reporters.JUnitReportReporter -->
<testsuite hostname="TINTN003DKVT9KM" name="automationFramework.Create_MD_New_CCRNumber" tests="1" failures="0" timestamp="29 Oct 2015 07:14:26 GMT" time="28.644" errors="0">
  <testcase name="main" time="28.644" classname="automationFramework.Create_MD_New_CCRNumber"/>
</testsuite> <!-- automationFramework.Create_MD_New_CCRNumber -->
