<?xml version="1.0" encoding="UTF-8"?>
<!-- Generated by org.testng.reporters.JUnitReportReporter -->
<testsuite hostname="TINTN003DKVT9KM" name="msol.XML_Validations.KOIMSO_12" tests="1" failures="0" timestamp="5 Jan 2016 07:04:49 GMT" time="110.704" errors="0">
  <testcase name="TEO_XML" time="110.704" classname="msol.XML_Validations.KOIMSO_12"/>
</testsuite> <!-- msol.XML_Validations.KOIMSO_12 -->
