<?xml version="1.0" encoding="UTF-8"?>
<!-- Generated by org.testng.reporters.JUnitReportReporter -->
<testsuite hostname="TINTN003DKVT9KM" name="automationFramework.Material_Disposition_Search" tests="1" failures="0" timestamp="2 Nov 2015 16:24:58 GMT" time="22.444" errors="0">
  <testcase name="main" time="22.444" classname="automationFramework.Material_Disposition_Search"/>
</testsuite> <!-- automationFramework.Material_Disposition_Search -->
