<?xml version="1.0" encoding="UTF-8"?>
<!-- Generated by org.testng.reporters.JUnitReportReporter -->
<testsuite hostname="TINTN003DKVT9KM" name="msol.GUI_TestCases.KOIMSO_7" tests="1" failures="0" timestamp="5 Jan 2016 11:59:27 GMT" time="29.203" errors="0">
  <testcase name="Material_Disposition_Search" time="29.203" classname="msol.GUI_TestCases.KOIMSO_7"/>
</testsuite> <!-- msol.GUI_TestCases.KOIMSO_7 -->
