<?xml version="1.0" encoding="UTF-8"?>
<!-- Generated by org.testng.reporters.JUnitReportReporter -->
<testsuite hostname="TINTN003DKVT9KM" name="msol.Profile_Admin_TestCases.KOIMSO_43" tests="1" failures="0" timestamp="5 Jan 2016 09:33:03 GMT" time="18.568" errors="0">
  <testcase name="Search_User" time="18.568" classname="msol.Profile_Admin_TestCases.KOIMSO_43"/>
</testsuite> <!-- msol.Profile_Admin_TestCases.KOIMSO_43 -->
