<?xml version="1.0" encoding="UTF-8"?>
<!-- Generated by org.testng.reporters.JUnitReportReporter -->
<testsuite hostname="TINTN003DKVT9KM" name="msol.GUI_TestCases.KOIMSO_8" tests="1" failures="0" timestamp="5 Jan 2016 11:35:46 GMT" time="38.669" errors="0">
  <testcase name="ExcessMaterial_Search" time="38.669" classname="msol.GUI_TestCases.KOIMSO_8"/>
</testsuite> <!-- msol.GUI_TestCases.KOIMSO_8 -->
