<?xml version="1.0" encoding="UTF-8"?>
<!-- Generated by org.testng.reporters.JUnitReportReporter -->
<testsuite hostname="TINTN003DKVT9KM" name="Msol_Automation.Main" tests="1" failures="0" timestamp="13 Oct 2015 07:23:26 GMT" time="0.003" errors="0">
  <testcase name="login" time="0.003" classname="Msol_Automation.Main"/>
</testsuite> <!-- Msol_Automation.Main -->
