<?xml version="1.0" encoding="UTF-8"?>
<!-- Generated by org.testng.reporters.JUnitReportReporter -->
<testsuite hostname="TINTN003DKVT9KM" name="automationFramework.Callout_Details_Search" tests="1" failures="0" timestamp="5 Nov 2015 16:04:06 GMT" time="26.613" errors="0">
  <testcase name="Main" time="26.613" classname="automationFramework.Callout_Details_Search"/>
</testsuite> <!-- automationFramework.Callout_Details_Search -->
