<?xml version="1.0" encoding="UTF-8"?>
<!-- Generated by org.testng.reporters.JUnitReportReporter -->
<testsuite hostname="TINTN003DKVT9KM" name="msol.Profile_Admin_TestCases.KOIMSO_38" tests="1" failures="0" timestamp="4 Jan 2016 10:22:30 GMT" time="40.602" errors="0">
  <testcase name="main" time="40.602" classname="msol.Profile_Admin_TestCases.KOIMSO_38"/>
</testsuite> <!-- msol.Profile_Admin_TestCases.KOIMSO_38 -->
