<?xml version="1.0" encoding="UTF-8"?>
<!-- Generated by org.testng.reporters.JUnitReportReporter -->
<testsuite hostname="TINTN003DKVT9KM" name="msol.VM_TestCases.KOIMSO_26" tests="1" failures="0" timestamp="25 Nov 2015 16:09:05 GMT" time="13.557" errors="0">
  <testcase name="Discrepancies" time="13.557" classname="msol.VM_TestCases.KOIMSO_26"/>
</testsuite> <!-- msol.VM_TestCases.KOIMSO_26 -->
