<?xml version="1.0" encoding="UTF-8"?>
<!-- Generated by org.testng.reporters.JUnitReportReporter -->
<testsuite hostname="TINTN003DKVT9KM" name="msol.Profile_Admin_TestCases.KOIMSO_39" tests="1" failures="0" timestamp="4 Jan 2016 10:28:42 GMT" time="41.553" errors="0">
  <testcase name="MassUpdateAdmin" time="41.553" classname="msol.Profile_Admin_TestCases.KOIMSO_39"/>
</testsuite> <!-- msol.Profile_Admin_TestCases.KOIMSO_39 -->
