<?xml version="1.0" encoding="UTF-8"?>
<!-- Generated by org.testng.reporters.JUnitReportReporter -->
<testsuite hostname="TINTN003DKVT9KM" name="automationFramework.EnterComments_TEODetailsPage" tests="1" failures="0" timestamp="6 Nov 2015 17:10:38 GMT" time="79.225" errors="0">
  <testcase name="Enter_Comments" time="79.225" classname="automationFramework.EnterComments_TEODetailsPage"/>
</testsuite> <!-- automationFramework.EnterComments_TEODetailsPage -->
