<?xml version="1.0" encoding="UTF-8"?>
<!-- Generated by org.testng.reporters.JUnitReportReporter -->
<testsuite hostname="TINTN003DKVT9KM" name="msol.XML_Validations.KOIMSO_13" tests="1" failures="0" timestamp="23 Dec 2015 12:52:16 GMT" time="140.334" errors="0">
  <testcase name="vSAPPO_XML" time="140.334" classname="msol.XML_Validations.KOIMSO_13"/>
</testsuite> <!-- msol.XML_Validations.KOIMSO_13 -->
