<?xml version="1.0" encoding="UTF-8"?>
<!-- Generated by org.testng.reporters.JUnitReportReporter -->
<testsuite hostname="TINTN003DKVT9KM" name="msol.XML_Validations.PKMS340" tests="1" failures="0" timestamp="21 Dec 2015 08:52:26 GMT" time="139.010" errors="0">
  <testcase name="PKMS_340" time="139.010" classname="msol.XML_Validations.PKMS340"/>
</testsuite> <!-- msol.XML_Validations.PKMS340 -->
