<?xml version="1.0" encoding="UTF-8"?>
<!-- Generated by org.testng.reporters.JUnitReportReporter -->
<testsuite hostname="TINTN003DKVT9KM" name="automationFramework.GUI_TestCases.Callout_Functionality" tests="1" failures="0" timestamp="10 Nov 2015 11:48:58 GMT" time="61.151" errors="0">
  <testcase name="R_Callout_Functionality" time="61.151" classname="automationFramework.GUI_TestCases.Callout_Functionality"/>
</testsuite> <!-- automationFramework.GUI_TestCases.Callout_Functionality -->
