<?xml version="1.0" encoding="UTF-8"?>
<!-- Generated by org.testng.reporters.JUnitReportReporter -->
<testsuite hostname="TINTN003DKVT9KM" name="msol.msol.GUI_TestCases.NewTest" tests="1" failures="0" timestamp="27 Nov 2015 10:47:07 GMT" time="0.486" errors="0">
  <testcase name="f" time="0.486" classname="msol.msol.GUI_TestCases.NewTest"/>
</testsuite> <!-- msol.msol.GUI_TestCases.NewTest -->
