<?xml version="1.0" encoding="UTF-8"?>
<!-- Generated by org.testng.reporters.JUnitReportReporter -->
<testsuite hostname="TINTN003DKVT9KM" name="msol.VM_TestCases.KOIMSO_21" tests="1" failures="0" timestamp="6 Jan 2016 12:35:48 GMT" time="30.451" errors="0">
  <testcase name="VM_Callout_Functionality" time="30.451" classname="msol.VM_TestCases.KOIMSO_21"/>
</testsuite> <!-- msol.VM_TestCases.KOIMSO_21 -->
