<?xml version="1.0" encoding="UTF-8"?>
<!-- Generated by org.testng.reporters.JUnitReportReporter -->
<testsuite hostname="TINTN003DKVT9KM" name="msol.VM_TestCases.KOIMSO_25" tests="1" failures="0" timestamp="14 Dec 2015 13:42:55 GMT" time="43.828" errors="0">
  <testcase name="Reports" time="43.828" classname="msol.VM_TestCases.KOIMSO_25"/>
</testsuite> <!-- msol.VM_TestCases.KOIMSO_25 -->
