<?xml version="1.0" encoding="UTF-8"?>
<!-- Generated by org.testng.reporters.JUnitReportReporter -->
<testsuite hostname="TINTN003DKVT9KM" name="msol.Profile_Admin_TestCases.KOIMSO_28" tests="1" failures="0" timestamp="23 Nov 2015 09:16:14 GMT" time="24.228" errors="0">
  <testcase name="main" time="24.228" classname="msol.Profile_Admin_TestCases.KOIMSO_28"/>
</testsuite> <!-- msol.Profile_Admin_TestCases.KOIMSO_28 -->
