<?xml version="1.0" encoding="UTF-8"?>
<!-- Generated by org.testng.reporters.JUnitReportReporter -->
<testsuite hostname="TINTN003DKVT9KM" name="msol.Profile_Admin_TestCases.KOIMSO_34" tests="1" failures="0" timestamp="5 Jan 2016 10:39:45 GMT" time="41.724" errors="0">
  <testcase name="main" time="41.724" classname="msol.Profile_Admin_TestCases.KOIMSO_34"/>
</testsuite> <!-- msol.Profile_Admin_TestCases.KOIMSO_34 -->
