<?xml version="1.0" encoding="UTF-8"?>
<!-- Generated by org.testng.reporters.JUnitReportReporter -->
<testsuite hostname="TINTN003DKVT9KM" name="msol.Profile_Admin_TestCases.KOIMSO_33" tests="1" failures="0" timestamp="5 Jan 2016 10:37:13 GMT" time="46.261" errors="0">
  <testcase name="main" time="46.261" classname="msol.Profile_Admin_TestCases.KOIMSO_33"/>
</testsuite> <!-- msol.Profile_Admin_TestCases.KOIMSO_33 -->
