<?xml version="1.0" encoding="UTF-8"?>
<!-- Generated by org.testng.reporters.JUnitReportReporter -->
<testsuite hostname="TINTN003DKVT9KM" name="automationFramework.Callout_Functionality" tests="1" failures="0" timestamp="5 Nov 2015 13:51:41 GMT" time="54.253" errors="0">
  <testcase name="R_Callout_Functionality" time="54.253" classname="automationFramework.Callout_Functionality"/>
</testsuite> <!-- automationFramework.Callout_Functionality -->
