<?xml version="1.0" encoding="UTF-8"?>
<!-- Generated by org.testng.reporters.JUnitReportReporter -->
<testsuite hostname="TINTN003DKVT9KM" name="msol.Profile_Admin_TestCases.KOIMSO_36" tests="1" failures="0" timestamp="4 Jan 2016 13:03:52 GMT" time="44.753" errors="0">
  <testcase name="main" time="44.753" classname="msol.Profile_Admin_TestCases.KOIMSO_36"/>
</testsuite> <!-- msol.Profile_Admin_TestCases.KOIMSO_36 -->
