<?xml version="1.0" encoding="UTF-8"?>
<!-- Generated by org.testng.reporters.JUnitReportReporter -->
<testsuite hostname="TINTN003DKVT9KM" name="msol.VM_TestCases.KOIMSO_24" tests="1" failures="0" timestamp="6 Jan 2016 11:33:06 GMT" time="16.170" errors="0">
  <testcase name="Receiving" time="16.170" classname="msol.VM_TestCases.KOIMSO_24"/>
</testsuite> <!-- msol.VM_TestCases.KOIMSO_24 -->
