<?xml version="1.0" encoding="UTF-8"?>
<!-- Generated by org.testng.reporters.JUnitReportReporter -->
<testsuite hostname="TINTN003DKVT9KM" name="automationFramework.Soft_Close" tests="1" failures="0" timestamp="7 Nov 2015 13:35:53 GMT" time="33.416" errors="0">
  <testcase name="Enter_Comments" time="33.416" classname="automationFramework.Soft_Close"/>
</testsuite> <!-- automationFramework.Soft_Close -->
