<?xml version="1.0" encoding="UTF-8"?>
<!-- Generated by org.testng.reporters.JUnitReportReporter -->
<testsuite hostname="TINTN003DKVT9KM" name="msol.GUI_TestCases.KOIMSO_2" tests="1" failures="0" timestamp="30 Dec 2015 11:38:58 GMT" time="31.136" errors="0">
  <testcase name="Callout_Search" time="31.136" classname="msol.GUI_TestCases.KOIMSO_2"/>
</testsuite> <!-- msol.GUI_TestCases.KOIMSO_2 -->
