<?xml version="1.0" encoding="UTF-8"?>
<!-- Generated by org.testng.reporters.JUnitReportReporter -->
<testsuite hostname="TINTN003DKVT9KM" name="msol.XML_Validations.KOIMSO_47" tests="1" failures="0" timestamp="23 Dec 2015 12:52:16 GMT" time="12.936" errors="0">
  <testcase name="PKMS_340" time="12.936" classname="msol.XML_Validations.KOIMSO_47"/>
</testsuite> <!-- msol.XML_Validations.KOIMSO_47 -->
