<?xml version="1.0" encoding="UTF-8"?>
<!-- Generated by org.testng.reporters.JUnitReportReporter -->
<testsuite hostname="TINTN003DKVT9KM" name="automationFramework.Material_Summary" tests="1" failures="0" timestamp="9 Nov 2015 14:42:52 GMT" time="88.140" errors="0">
  <testcase name="main" time="88.140" classname="automationFramework.Material_Summary"/>
</testsuite> <!-- automationFramework.Material_Summary -->
