<?xml version="1.0" encoding="UTF-8"?>
<!-- Generated by org.testng.reporters.JUnitReportReporter -->
<testsuite hostname="TINTN003DKVT9KM" name="automationFramework.Excess_Material_Search" tests="1" failures="0" timestamp="3 Nov 2015 12:14:48 GMT" time="41.975" errors="0">
  <testcase name="main" time="41.975" classname="automationFramework.Excess_Material_Search"/>
</testsuite> <!-- automationFramework.Excess_Material_Search -->
