<?xml version="1.0" encoding="UTF-8"?>
<!-- Generated by org.testng.reporters.JUnitReportReporter -->
<testsuite hostname="TINTN003DKVT9KM" name="automationFramework.Create_MD_with_New_CCR_Number" tests="1" failures="0" timestamp="26 Oct 2015 13:25:29 GMT" time="18.486" errors="0">
  <testcase name="main" time="18.486" classname="automationFramework.Create_MD_with_New_CCR_Number"/>
</testsuite> <!-- automationFramework.Create_MD_with_New_CCR_Number -->
