<?xml version="1.0" encoding="UTF-8"?>
<!-- Generated by org.testng.reporters.JUnitReportReporter -->
<testsuite hostname="TINTN003DKVT9KM" name="automationFramework.EnterComments_CCRDetailsPage" tests="1" failures="0" timestamp="6 Nov 2015 14:05:00 GMT" time="67.036" errors="0">
  <testcase name="Enter_Comments" time="67.036" classname="automationFramework.EnterComments_CCRDetailsPage"/>
</testsuite> <!-- automationFramework.EnterComments_CCRDetailsPage -->
