<?xml version="1.0" encoding="UTF-8"?>
<!-- Generated by org.testng.reporters.JUnitReportReporter -->
<testsuite hostname="TINTN003DKVT9KM" name="automationFramework.CreateMD_Existing_CCRNumber" tests="1" failures="0" timestamp="30 Oct 2015 09:57:33 GMT" time="20.642" errors="0">
  <testcase name="main" time="20.642" classname="automationFramework.CreateMD_Existing_CCRNumber"/>
</testsuite> <!-- automationFramework.CreateMD_Existing_CCRNumber -->
